<?xml version="1.0" encoding="UTF-8"?>
<!-- Generated by org.testng.reporters.JUnitXMLReporter -->
<testsuite hostname="LAPTOP-UBTV11J8" ignored="0" name="sample test" tests="2" failures="0" timestamp="16 May 2018 17:18:56 GMT" time="67.77" errors="0">
  <testcase name="verifyLogInFunction" time="19.196" classname="com.nopcommerce.common.tests.LogInTest"/>
  <testcase name="DisplaytopMenu" time="0.485" classname="com.nopcommerce.common.tests.DisplayTopMenu"/>
</testsuite> <!-- sample test -->
